[2020-12-10 23:16:54] Текст ошибки: Ошибка не найдена | Строка 8
        
========================
[2020-12-10 23:16:54] Текст ошибки: Ошибка не найдена | Строка 8
        
========================
[2020-12-10 23:17:04] Текст ошибки: Ошибка не найдена | Строка 7
        
========================
[2020-12-10 23:17:04] Текст ошибки: Ошибка не найдена | Строка 7
        
========================
[2020-12-10 23:18:08] Текст ошибки: Ошибка не найдена | Строка 7
        
========================
[2020-12-10 23:18:08] Текст ошибки: Ошибка не найдена | Строка 7
        
========================
[2020-12-10 23:18:25] Текст ошибки: Ошибка не найдена | Строка 7
        
========================
[2020-12-10 23:18:40] Текст ошибки: Ошибка не найдена | Строка 7
        
========================
[2020-12-10 23:18:40] Текст ошибки: Ошибка не найдена | Строка 7
        
========================
[2020-12-10 23:18:41] Текст ошибки: Ошибка не найдена | Строка 7
        
========================
[2020-12-10 23:18:41] Текст ошибки: Ошибка не найдена | Строка 7
        
========================
[2020-12-10 23:18:41] Текст ошибки: Ошибка не найдена | Строка 7
        
========================
[2020-12-10 23:18:41] Текст ошибки: Ошибка не найдена | Строка 7
        
========================
[2020-12-10 23:18:42] Текст ошибки: Ошибка не найдена | Строка 7
        
========================
[2020-12-10 23:18:42] Текст ошибки: Ошибка не найдена | Строка 7
        
========================
[2020-12-10 23:18:42] Текст ошибки: Ошибка не найдена | Строка 7
        
========================
[2020-12-10 23:18:42] Текст ошибки: Ошибка не найдена | Строка 7
        
========================
[2020-12-10 23:18:43] Текст ошибки: Ошибка не найдена | Строка 7
        
========================
[2020-12-10 23:18:43] Текст ошибки: Ошибка не найдена | Строка 7
        
========================
[2020-12-10 23:18:44] Текст ошибки: Ошибка не найдена | Строка 7
        
========================
[2020-12-10 23:18:44] Текст ошибки: Ошибка не найдена | Строка 7
        
========================
[2020-12-10 23:18:45] Текст ошибки: Ошибка не найдена | Строка 7
        
========================
[2020-12-10 23:18:45] Текст ошибки: Ошибка не найдена | Строка 7
        
========================
[2020-12-10 23:18:54] Текст ошибки: Ошибка не найдена | Строка 7
        
========================
[2020-12-10 23:19:30] Текст ошибки: Ошибка не найдена | Строка 7
        
========================
[2020-12-10 23:19:30] Текст ошибки: Ошибка не найдена | Строка 7
        
========================
[2020-12-10 23:20:46] Текст ошибки: Ошибка не найдена | Строка 7
        
========================
[2020-12-10 23:20:46] Текст ошибки: Ошибка не найдена | Строка 7
        
========================
[2020-12-10 23:20:48] Текст ошибки: Ошибка не найдена | Строка 7
        
========================
[2020-12-10 23:20:48] Текст ошибки: Ошибка не найдена | Строка 7
        
========================
[2020-12-10 23:20:48] Текст ошибки: Ошибка не найдена | Строка 7
        
========================
[2020-12-10 23:20:48] Текст ошибки: Ошибка не найдена | Строка 7
        
========================
[2020-12-10 23:20:48] Текст ошибки: Ошибка не найдена | Строка 7
        
========================
[2020-12-10 23:20:48] Текст ошибки: Ошибка не найдена | Строка 7
        
========================
[2020-12-10 23:21:07] Текст ошибки: Ошибка не найдена | Строка 7
        
========================
[2020-12-10 23:21:08] Текст ошибки: Ошибка не найдена | Строка 7
        
========================
[2020-12-10 23:21:09] Текст ошибки: Ошибка не найдена | Строка 7
        
========================
[2020-12-10 23:21:09] Текст ошибки: Ошибка не найдена | Строка 7
        
========================
[2020-12-10 23:21:11] Текст ошибки: Ошибка не найдена | Строка 7
        
========================
[2020-12-10 23:21:19] Текст ошибки: Ошибка не найдена | Строка 7
        
========================
[2020-12-10 23:21:19] Текст ошибки: Ошибка не найдена | Строка 7
        
========================
[2020-12-10 23:21:20] Текст ошибки: Ошибка не найдена | Строка 7
        
========================
[2020-12-10 23:21:20] Текст ошибки: Ошибка не найдена | Строка 7
        
========================
[2020-12-10 23:21:20] Текст ошибки: Ошибка не найдена | Строка 7
        
========================
[2020-12-10 23:21:21] Текст ошибки: Ошибка не найдена | Строка 7
        
========================
[2020-12-10 23:21:37] Текст ошибки: Ошибка не найдена | Строка 7
        
========================
[2020-12-10 23:21:51] Текст ошибки: Ошибка не найдена | Строка 7
        
========================
[2020-12-10 23:21:56] Текст ошибки: Ошибка не найдена | Строка 7
        
========================
[2020-12-10 23:21:56] Текст ошибки: Ошибка не найдена | Строка 7
        
========================
[2020-12-10 23:22:22] Текст ошибки: Ошибка не найдена | Строка 7
        
========================
[2020-12-10 23:27:28] Текст ошибки: Ошибка не найдена | Строка 7
        
========================
[2020-12-10 23:27:28] Текст ошибки: Ошибка не найдена | Строка 7
        
========================
[2020-12-10 23:27:28] Текст ошибки: Ошибка не найдена | Строка 7
        
========================
[2020-12-10 23:27:29] Текст ошибки: Ошибка не найдена | Строка 7
        
========================
[2020-12-10 23:27:40] Текст ошибки: Ошибка не найдена | Строка 7
        
========================
[2020-12-10 23:27:59] Текст ошибки: Ошибка не найдена | Строка 7
        
========================
[2020-12-10 23:28:00] Текст ошибки: Ошибка не найдена | Строка 7
        
========================
[2020-12-10 23:28:31] Текст ошибки: Ошибка не найдена | Строка 7
        
========================
[2020-12-10 23:33:01] Текст ошибки: Ошибка не найдена | Строка 7
        
========================
[2020-12-12 15:16:48] Текст ошибки: Ошибка не найдена | Строка 7
        
========================
[2020-12-12 15:16:48] Текст ошибки: Ошибка не найдена | Строка 7
        
========================
[2020-12-12 15:16:50] Текст ошибки: Ошибка не найдена | Строка 7
        
========================
[2020-12-12 15:16:51] Текст ошибки: Ошибка не найдена | Строка 7
        
========================
[2020-12-12 15:17:07] Текст ошибки: Ошибка не найдена | Строка 7
        
========================
[2020-12-12 15:17:30] Текст ошибки: Ошибка не найдена | Строка 7
        
========================
[2020-12-12 15:17:53] Текст ошибки: Ошибка не найдена | Строка 7
        
========================
[2020-12-12 15:24:49] Текст ошибки: Ошибка не найдена | Строка 7
        
========================
[2020-12-12 15:24:49] Текст ошибки: Ошибка не найдена | Строка 7
        
========================
[2020-12-12 15:24:51] Текст ошибки: Ошибка не найдена | Строка 7
        
========================
[2020-12-12 15:25:01] Текст ошибки: Ошибка не найдена | Строка 7
        
========================
[2020-12-12 15:25:03] Текст ошибки: Ошибка не найдена | Строка 7
        
========================
[2020-12-12 15:25:05] Текст ошибки: Ошибка не найдена | Строка 7
        
========================
[2020-12-12 15:25:06] Текст ошибки: Ошибка не найдена | Строка 7
        
========================
[2020-12-12 15:25:06] Текст ошибки: Ошибка не найдена | Строка 7
        
========================
[2020-12-12 15:25:07] Текст ошибки: Ошибка не найдена | Строка 7
        
========================
[2020-12-12 15:25:07] Текст ошибки: Ошибка не найдена | Строка 7
        
========================
[2020-12-12 15:25:09] Текст ошибки: Ошибка не найдена | Строка 7
        
========================
[2020-12-12 15:25:11] Текст ошибки: Ошибка не найдена | Строка 7
        
========================
[2020-12-12 15:26:04] Текст ошибки: Ошибка не найдена | Строка 7
        
========================
[2020-12-12 15:26:14] Текст ошибки: Ошибка не найдена | Строка 7
        
========================
[2020-12-12 15:26:14] Текст ошибки: Ошибка не найдена | Строка 7
        
========================
[2020-12-12 15:26:15] Текст ошибки: Ошибка не найдена | Строка 7
        
========================
[2020-12-12 15:26:16] Текст ошибки: Ошибка не найдена | Строка 7
        
========================
[2020-12-12 16:13:21] Текст ошибки: Ошибка | Строка 9
        
========================
[2020-12-12 16:14:04] Текст ошибки: Ошибка | Строка 8
        
========================
[2020-12-12 16:24:36] Текст ошибки: Проблема c URL | Строка 54
        
========================
[2020-12-12 16:45:58] Текст ошибки: Проблема c URL | Строка 54
        
========================
[2020-12-12 16:46:00] Текст ошибки: Проблема c URL | Строка 54
        
========================
[2020-12-12 16:50:06] Текст ошибки: Проблема c URL | Строка 54
        
========================
[2020-12-12 16:50:06] Текст ошибки: Проблема c URL | Строка 54
        
========================
[2020-12-12 16:51:03] Текст ошибки: Проблема c URL | Строка 54
        
========================
[2020-12-12 16:51:03] Текст ошибки: Проблема c URL | Строка 54
        
========================
[2020-12-12 16:51:05] Текст ошибки: Проблема c URL | Строка 54
        
========================
[2020-12-12 16:51:05] Текст ошибки: Проблема c URL | Строка 54
        
========================
[2020-12-12 16:51:06] Текст ошибки: Проблема c URL | Строка 54
        
========================
[2020-12-12 16:51:06] Текст ошибки: Проблема c URL | Строка 54
        
========================
[2020-12-12 16:51:06] Текст ошибки: Проблема c URL | Строка 54
        
========================
[2020-12-12 16:51:06] Текст ошибки: Проблема c URL | Строка 54
        
========================
[2020-12-12 16:51:06] Текст ошибки: Проблема c URL | Строка 54
        
========================
[2020-12-12 16:51:06] Текст ошибки: Проблема c URL | Строка 54
        
========================
[2020-12-12 16:51:06] Текст ошибки: Проблема c URL | Строка 54
        
========================
[2020-12-12 16:51:06] Текст ошибки: Проблема c URL | Строка 54
        
========================
[2020-12-12 16:51:06] Текст ошибки: Проблема c URL | Строка 54
        
========================
[2020-12-12 16:51:07] Текст ошибки: Проблема c URL | Строка 54
        
========================
[2020-12-12 16:51:07] Текст ошибки: Проблема c URL | Строка 54
        
========================
[2020-12-12 16:51:07] Текст ошибки: Проблема c URL | Строка 54
        
========================
[2020-12-12 16:51:07] Текст ошибки: Проблема c URL | Строка 54
        
========================
[2020-12-12 16:51:07] Текст ошибки: Проблема c URL | Строка 54
        
========================
[2020-12-12 16:51:07] Текст ошибки: Проблема c URL | Строка 54
        
========================
[2020-12-12 16:51:07] Текст ошибки: Проблема c URL | Строка 54
        
========================
[2020-12-12 16:51:07] Текст ошибки: Проблема c URL | Строка 54
        
========================
[2020-12-12 16:51:07] Текст ошибки: Проблема c URL | Строка 54
        
========================
[2020-12-12 16:51:07] Текст ошибки: Проблема c URL | Строка 54
        
========================
[2020-12-12 16:51:07] Текст ошибки: Проблема c URL | Строка 54
        
========================
[2020-12-12 16:51:07] Текст ошибки: Проблема c URL | Строка 54
        
========================
[2020-12-12 16:51:07] Текст ошибки: Проблема c URL | Строка 54
        
========================
[2020-12-12 16:51:08] Текст ошибки: Проблема c URL | Строка 54
        
========================
[2020-12-12 16:51:08] Текст ошибки: Проблема c URL | Строка 54
        
========================
[2020-12-12 16:51:08] Текст ошибки: Проблема c URL | Строка 54
        
========================
[2020-12-12 16:51:08] Текст ошибки: Проблема c URL | Строка 54
        
========================
[2020-12-12 16:51:08] Текст ошибки: Проблема c URL | Строка 54
        
========================
[2020-12-12 16:51:08] Текст ошибки: Проблема c URL | Строка 54
        
========================
[2020-12-12 16:51:08] Текст ошибки: Проблема c URL | Строка 54
        
========================
[2020-12-12 16:51:08] Текст ошибки: Проблема c URL | Строка 54
        
========================
[2020-12-12 16:51:08] Текст ошибки: Проблема c URL | Строка 54
        
========================
[2020-12-12 16:51:08] Текст ошибки: Проблема c URL | Строка 54
        
========================
[2020-12-12 16:51:08] Текст ошибки: Проблема c URL | Строка 54
        
========================
[2020-12-12 16:51:08] Текст ошибки: Проблема c URL | Строка 54
        
========================
[2020-12-12 16:51:48] Текст ошибки: Не найден маршрут | Строка 54
        
========================
[2020-12-12 16:51:48] Текст ошибки: Не найден маршрут | Строка 54
        
========================
[2020-12-12 16:51:48] Текст ошибки: Не найден маршрут | Строка 54
        
========================
[2020-12-12 16:51:48] Текст ошибки: Не найден маршрут | Строка 54
        
========================
[2020-12-12 16:51:49] Текст ошибки: Не найден маршрут | Строка 54
        
========================
[2020-12-12 16:51:49] Текст ошибки: Не найден маршрут | Строка 54
        
========================
[2020-12-12 16:51:49] Текст ошибки: Не найден маршрут | Строка 54
        
========================
[2020-12-12 16:51:49] Текст ошибки: Не найден маршрут | Строка 54
        
========================
[2020-12-12 16:51:49] Текст ошибки: Не найден маршрут | Строка 54
        
========================
[2020-12-12 16:51:49] Текст ошибки: Не найден маршрут | Строка 54
        
========================
[2020-12-12 16:55:15] Текст ошибки: Не найден маршрут | Строка 54
        
========================
[2020-12-12 16:55:38] Текст ошибки: Не найден маршрут | Строка 54
        
========================
[2020-12-12 16:55:39] Текст ошибки: Не найден маршрут | Строка 54
        
========================
[2020-12-12 16:56:04] Текст ошибки: Не найден маршрут | Строка 54
        
========================
[2020-12-12 16:56:04] Текст ошибки: Не найден маршрут | Строка 54
        
========================
[2020-12-12 16:56:08] Текст ошибки: Не найден маршрут | Строка 54
        
========================
[2020-12-12 16:57:26] Текст ошибки: Не найден маршрут | Строка 54
        
========================
[2020-12-12 16:57:26] Текст ошибки: Не найден маршрут | Строка 54
        
========================
[2020-12-12 16:57:45] Текст ошибки: Не найден маршрут | Строка 54
        
========================
[2020-12-12 16:57:50] Текст ошибки: Не найден маршрут | Строка 54
        
========================
[2020-12-12 17:01:37] Текст ошибки: Не найден маршрут | Строка 54
        
========================
[2020-12-12 17:01:54] Текст ошибки: Не найден маршрут | Строка 54
        
========================
[2020-12-12 17:01:54] Текст ошибки: Не найден маршрут | Строка 54
        
========================
[2020-12-12 17:01:55] Текст ошибки: Не найден маршрут | Строка 54
        
========================
[2020-12-12 17:01:55] Текст ошибки: Не найден маршрут | Строка 54
        
========================
[2020-12-12 17:01:55] Текст ошибки: Не найден маршрут | Строка 54
        
========================
[2020-12-12 17:01:55] Текст ошибки: Не найден маршрут | Строка 54
        
========================
[2020-12-12 17:01:55] Текст ошибки: Не найден маршрут | Строка 54
        
========================
[2020-12-12 17:01:55] Текст ошибки: Не найден маршрут | Строка 54
        
========================
[2020-12-12 17:02:29] Текст ошибки: Не найден маршрут | Строка 54
        
========================
[2020-12-12 17:02:29] Текст ошибки: Не найден маршрут | Строка 54
        
========================
[2020-12-12 17:02:30] Текст ошибки: Не найден маршрут | Строка 54
        
========================
[2020-12-12 17:02:30] Текст ошибки: Не найден маршрут | Строка 54
        
========================
[2020-12-12 17:02:30] Текст ошибки: Не найден маршрут | Строка 54
        
========================
[2020-12-12 17:02:30] Текст ошибки: Не найден маршрут | Строка 54
        
========================
[2020-12-12 17:02:30] Текст ошибки: Не найден маршрут | Строка 54
        
========================
[2020-12-12 17:02:30] Текст ошибки: Не найден маршрут | Строка 54
        
========================
[2020-12-12 17:02:37] Текст ошибки: Не найден маршрут | Строка 54
        
========================
[2020-12-12 17:02:37] Текст ошибки: Не найден маршрут | Строка 54
        
========================
[2020-12-12 17:02:37] Текст ошибки: Не найден маршрут | Строка 54
        
========================
[2020-12-12 17:02:37] Текст ошибки: Не найден маршрут | Строка 54
        
========================
[2020-12-12 17:02:37] Текст ошибки: Не найден маршрут | Строка 54
        
========================
[2020-12-12 17:02:37] Текст ошибки: Не найден маршрут | Строка 54
        
========================
[2020-12-12 17:02:43] Текст ошибки: Не найден маршрут | Строка 54
        
========================
[2020-12-12 17:02:44] Текст ошибки: Не найден маршрут | Строка 54
        
========================
[2020-12-12 17:02:44] Текст ошибки: Не найден маршрут | Строка 54
        
========================
[2020-12-12 17:02:44] Текст ошибки: Не найден маршрут | Строка 54
        
========================
[2020-12-12 17:02:44] Текст ошибки: Не найден маршрут | Строка 54
        
========================
[2020-12-12 17:02:44] Текст ошибки: Не найден маршрут | Строка 54
        
========================
[2020-12-12 17:02:44] Текст ошибки: Не найден маршрут | Строка 54
        
========================
[2020-12-12 17:02:44] Текст ошибки: Не найден маршрут | Строка 54
        
========================
[2020-12-12 17:02:57] Текст ошибки: Не найден маршрут | Строка 54
        
========================
[2020-12-12 17:02:57] Текст ошибки: Не найден маршрут | Строка 54
        
========================
[2020-12-12 17:02:58] Текст ошибки: Не найден маршрут | Строка 54
        
========================
[2020-12-12 17:02:58] Текст ошибки: Не найден маршрут | Строка 54
        
========================
[2020-12-12 17:02:58] Текст ошибки: Не найден маршрут | Строка 54
        
========================
[2020-12-12 17:02:58] Текст ошибки: Не найден маршрут | Строка 54
        
========================
[2020-12-12 17:03:09] Текст ошибки: Не найден маршрут | Строка 54
        
========================
[2020-12-12 17:03:09] Текст ошибки: Не найден маршрут | Строка 54
        
========================
[2020-12-12 17:03:13] Текст ошибки: Не найден маршрут | Строка 54
        
========================
[2020-12-12 17:03:13] Текст ошибки: Не найден маршрут | Строка 54
        
========================
[2020-12-12 17:03:13] Текст ошибки: Не найден маршрут | Строка 54
        
========================
[2020-12-12 17:03:13] Текст ошибки: Не найден маршрут | Строка 54
        
========================
[2020-12-12 17:03:13] Текст ошибки: Не найден маршрут | Строка 54
        
========================
[2020-12-12 17:03:13] Текст ошибки: Не найден маршрут | Строка 54
        
========================
[2020-12-12 17:03:14] Текст ошибки: Не найден маршрут | Строка 54
        
========================
[2020-12-12 17:03:14] Текст ошибки: Не найден маршрут | Строка 54
        
========================
[2020-12-12 17:03:54] Текст ошибки: Не найден маршрут | Строка 54
        
========================
[2020-12-12 17:03:54] Текст ошибки: Не найден маршрут | Строка 54
        
========================
[2020-12-12 17:05:01] Текст ошибки: Не найден маршрут | Строка 54
        
========================
[2020-12-12 17:05:01] Текст ошибки: Не найден маршрут | Строка 54
        
========================
[2020-12-12 17:05:26] Текст ошибки: Не найден маршрут | Строка 54
        
========================
[2020-12-12 17:05:26] Текст ошибки: Не найден маршрут | Строка 54
        
========================
[2020-12-12 17:05:27] Текст ошибки: Не найден маршрут | Строка 54
        
========================
[2020-12-12 17:05:27] Текст ошибки: Не найден маршрут | Строка 54
        
========================
[2020-12-12 17:05:34] Текст ошибки: Не найден маршрут | Строка 54
        
========================
[2020-12-12 17:05:34] Текст ошибки: Не найден маршрут | Строка 54
        
========================
[2020-12-12 17:05:45] Текст ошибки: Не найден маршрут | Строка 54
        
========================
[2020-12-12 17:05:45] Текст ошибки: Не найден маршрут | Строка 54
        
========================
[2020-12-12 17:05:46] Текст ошибки: Не найден маршрут | Строка 54
        
========================
[2020-12-12 17:05:46] Текст ошибки: Не найден маршрут | Строка 54
        
========================
[2020-12-12 17:05:46] Текст ошибки: Не найден маршрут | Строка 54
        
========================
[2020-12-12 17:05:46] Текст ошибки: Не найден маршрут | Строка 54
        
========================
[2020-12-12 17:06:09] Текст ошибки: Не найден маршрут | Строка 54
        
========================
[2020-12-12 17:06:43] Текст ошибки: Не найден маршрут | Строка 54
        
========================
[2020-12-12 17:07:29] Текст ошибки: Не найден маршрут | Строка 54
        
========================
[2020-12-12 17:08:03] Текст ошибки: Не найден маршрут | Строка 54
        
========================
[2020-12-12 17:08:08] Текст ошибки: Не найден маршрут | Строка 54
        
========================
[2020-12-12 17:08:24] Текст ошибки: Не найден маршрут | Строка 54
        
========================
[2020-12-12 17:09:56] Текст ошибки: Не найден маршрут | Строка 54
        
========================
[2020-12-12 17:11:57] Текст ошибки: Не найден маршрут | Строка 54
        
========================
[2020-12-12 17:12:33] Текст ошибки: Не найден маршрут | Строка 54
        
========================
[2020-12-12 17:12:33] Текст ошибки: Не найден маршрут | Строка 54
        
========================
[2020-12-12 17:12:33] Текст ошибки: Не найден маршрут | Строка 54
        
========================
[2020-12-12 17:12:33] Текст ошибки: Не найден маршрут | Строка 54
        
========================
[2020-12-12 17:13:48] Текст ошибки: Не найден маршрут | Строка 54
        
========================
[2020-12-12 17:14:08] Текст ошибки: Не найден маршрут | Строка 54
        
========================
[2020-12-12 17:14:16] Текст ошибки: Не найден маршрут | Строка 54
        
========================
[2020-12-12 17:14:16] Текст ошибки: Не найден маршрут | Строка 54
        
========================
[2020-12-12 17:14:16] Текст ошибки: Не найден маршрут | Строка 54
        
========================
[2020-12-12 17:14:16] Текст ошибки: Не найден маршрут | Строка 54
        
========================
[2020-12-12 17:14:38] Текст ошибки: Не найден маршрут | Строка 54
        
========================
[2020-12-12 17:14:38] Текст ошибки: Не найден маршрут | Строка 54
        
========================
[2020-12-12 17:14:39] Текст ошибки: Не найден маршрут | Строка 54
        
========================
[2020-12-12 17:14:39] Текст ошибки: Не найден маршрут | Строка 54
        
========================
[2020-12-12 17:20:09] Текст ошибки: Не найден маршрут | Строка 54
        
========================
[2020-12-12 17:33:56] Текст ошибки: Класс не существует app\controller\PageNewController | Строка 57
        
========================
[2020-12-12 17:39:35] Текст ошибки: Класс не существует app\controller\PageNewController | Строка 58
        
========================
[2020-12-12 17:41:45] Текст ошибки: Call to undefined method shop\Router::upperCamelCase() | Строка 116
        
========================
[2020-12-12 17:41:46] Текст ошибки: Call to undefined method shop\Router::upperCamelCase() | Строка 116
        
========================
[2020-12-12 17:41:46] Текст ошибки: Call to undefined method shop\Router::upperCamelCase() | Строка 116
        
========================
[2020-12-12 17:42:33] Текст ошибки: Call to undefined method shop\Router::lowerCamelCase() | Строка 56
        
========================
[2020-12-12 17:42:34] Текст ошибки: Call to undefined method shop\Router::lowerCamelCase() | Строка 56
        
========================
[2020-12-12 17:42:34] Текст ошибки: Call to undefined method shop\Router::lowerCamelCase() | Строка 56
        
========================
[2020-12-12 17:42:34] Текст ошибки: Call to undefined method shop\Router::lowerCamelCase() | Строка 56
        
========================
[2020-12-12 17:42:44] Текст ошибки: Call to undefined method shop\Router::lowerCamelCase() | Строка 53
        
========================
[2020-12-12 17:42:44] Текст ошибки: Call to undefined method shop\Router::lowerCamelCase() | Строка 53
        
========================
[2020-12-12 17:42:45] Текст ошибки: Call to undefined method shop\Router::lowerCamelCase() | Строка 53
        
========================
[2020-12-12 17:42:45] Текст ошибки: Call to undefined method shop\Router::lowerCamelCase() | Строка 53
        
========================
[2020-12-12 17:42:45] Текст ошибки: Call to undefined method shop\Router::lowerCamelCase() | Строка 53
        
========================
[2020-12-12 17:42:46] Текст ошибки: Call to undefined method shop\Router::lowerCamelCase() | Строка 53
        
========================
[2020-12-12 17:42:47] Текст ошибки: Call to undefined method shop\Router::lowerCamelCase() | Строка 53
        
========================
[2020-12-12 17:42:47] Текст ошибки: Call to undefined method shop\Router::lowerCamelCase() | Строка 53
        
========================
[2020-12-12 17:42:47] Текст ошибки: Call to undefined method shop\Router::lowerCamelCase() | Строка 53
        
========================
[2020-12-12 17:42:47] Текст ошибки: Call to undefined method shop\Router::lowerCamelCase() | Строка 53
        
========================
[2020-12-12 17:42:47] Текст ошибки: Call to undefined method shop\Router::lowerCamelCase() | Строка 53
        
========================
[2020-12-12 17:42:48] Текст ошибки: Call to undefined method shop\Router::lowerCamelCase() | Строка 53
        
========================
[2020-12-12 17:42:48] Текст ошибки: Call to undefined method shop\Router::lowerCamelCase() | Строка 53
        
========================
[2020-12-12 17:42:51] Текст ошибки: Call to undefined method shop\Router::lowerCamelCase() | Строка 53
        
========================
[2020-12-12 17:43:28] Текст ошибки: Call to undefined method shop\Router::upperCamelCase() | Строка 116
        
========================
[2020-12-12 17:43:29] Текст ошибки: Call to undefined method shop\Router::upperCamelCase() | Строка 116
        
========================
[2020-12-12 17:43:29] Текст ошибки: Call to undefined method shop\Router::upperCamelCase() | Строка 116
        
========================
[2020-12-12 17:43:29] Текст ошибки: Call to undefined method shop\Router::upperCamelCase() | Строка 116
        
========================
[2020-12-12 17:50:37] Текст ошибки: Класс не найден app\controller\MainController | Строка 63
        
========================
[2020-12-12 17:50:37] Текст ошибки: Класс не найден app\controller\MainController | Строка 63
        
========================
[2020-12-12 17:53:59] Текст ошибки: Класс не найден app\controller\MainController | Строка 63
        
========================
[2020-12-12 17:53:59] Текст ошибки: Класс не найден app\controller\MainController | Строка 63
        
========================
[2020-12-12 17:54:00] Текст ошибки: Класс не найден app\controller\MainController | Строка 63
        
========================
[2020-12-12 17:54:00] Текст ошибки: Класс не найден app\controller\MainController | Строка 63
        
========================
[2020-12-12 17:54:00] Текст ошибки: Класс не найден app\controller\MainController | Строка 63
        
========================
[2020-12-12 17:54:00] Текст ошибки: Класс не найден app\controller\MainController | Строка 63
        
========================
[2020-12-12 17:54:00] Текст ошибки: Класс не найден app\controller\MainController | Строка 63
        
========================
[2020-12-12 17:54:01] Текст ошибки: Класс не найден app\controller\MainController | Строка 63
        
========================
[2020-12-12 17:54:17] Текст ошибки: Метод не найден app\controllers\MainController::indexAction | Строка 60
        
========================
[2020-12-12 17:56:50] Текст ошибки: Метод не найден app\controllers\MainController::index | Строка 63
        
========================
[2020-12-12 17:56:58] Текст ошибки: Метод не найден app\controllers\MainController::index2 | Строка 63
        
========================
[2020-12-12 20:01:25] Текст ошибки: Method name must be a string | Строка 64
        
========================
[2020-12-12 20:01:26] Текст ошибки: Method name must be a string | Строка 64
        
========================
[2020-12-12 20:01:26] Текст ошибки: Method name must be a string | Строка 64
        
========================
[2020-12-12 20:01:27] Текст ошибки: Method name must be a string | Строка 64
        
========================
[2020-12-12 20:01:27] Текст ошибки: Method name must be a string | Строка 64
        
========================
[2020-12-12 20:01:27] Текст ошибки: Method name must be a string | Строка 64
        
========================
[2020-12-12 20:01:27] Текст ошибки: Method name must be a string | Строка 64
        
========================
[2020-12-12 20:02:26] Текст ошибки: syntax error, unexpected '}', expecting ';' or ',' | Строка 34
        
========================
[2020-12-12 20:02:44] Текст ошибки: Typed property shop\base\Controller::$layout must not be accessed before initialization | Строка 29
        
========================
[2020-12-12 20:03:18] Текст ошибки: Argument 2 passed to shop\base\View::__construct() must be of the type array, null given, called in C:\OpenServer\domains\teleskopShop\vendor\shop\core\base\Controller.php on line 29 | Строка 18
        
========================
[2020-12-12 20:03:36] Текст ошибки: Argument 2 passed to shop\base\View::__construct() must be of the type array, null given, called in C:\OpenServer\domains\teleskopShop\vendor\shop\core\base\Controller.php on line 29 | Строка 18
        
========================
[2020-12-12 20:04:12] Текст ошибки: Argument 2 passed to shop\base\View::__construct() must be of the type array, null given, called in C:\OpenServer\domains\teleskopShop\vendor\shop\core\base\Controller.php on line 29 | Строка 18
        
========================
[2020-12-12 20:04:13] Текст ошибки: Argument 2 passed to shop\base\View::__construct() must be of the type array, null given, called in C:\OpenServer\domains\teleskopShop\vendor\shop\core\base\Controller.php on line 29 | Строка 18
        
========================
[2020-12-12 20:04:24] Текст ошибки: Argument 2 passed to shop\base\View::__construct() must be of the type array, null given, called in C:\OpenServer\domains\teleskopShop\vendor\shop\core\base\Controller.php on line 29 | Строка 18
        
========================
[2020-12-12 20:04:24] Текст ошибки: Argument 2 passed to shop\base\View::__construct() must be of the type array, null given, called in C:\OpenServer\domains\teleskopShop\vendor\shop\core\base\Controller.php on line 29 | Строка 18
        
========================
[2020-12-12 20:04:24] Текст ошибки: Argument 2 passed to shop\base\View::__construct() must be of the type array, null given, called in C:\OpenServer\domains\teleskopShop\vendor\shop\core\base\Controller.php on line 29 | Строка 18
        
========================
[2020-12-12 20:04:24] Текст ошибки: Argument 2 passed to shop\base\View::__construct() must be of the type array, null given, called in C:\OpenServer\domains\teleskopShop\vendor\shop\core\base\Controller.php on line 29 | Строка 18
        
========================
[2020-12-12 20:05:36] Текст ошибки: Argument 4 passed to shop\base\View::__construct() must be of the type string, array given, called in C:\OpenServer\domains\teleskopShop\vendor\shop\core\base\Controller.php on line 29 | Строка 18
        
========================
[2020-12-12 20:05:37] Текст ошибки: Argument 4 passed to shop\base\View::__construct() must be of the type string, array given, called in C:\OpenServer\domains\teleskopShop\vendor\shop\core\base\Controller.php on line 29 | Строка 18
        
========================
[2020-12-12 20:05:37] Текст ошибки: Argument 4 passed to shop\base\View::__construct() must be of the type string, array given, called in C:\OpenServer\domains\teleskopShop\vendor\shop\core\base\Controller.php on line 29 | Строка 18
        
========================
[2020-12-12 20:05:42] Текст ошибки: Typed property shop\base\View::$view must be string, array used | Строка 23
        
========================
[2020-12-12 20:06:38] Текст ошибки: Typed property shop\base\View::$view must be string, array used | Строка 23
        
========================
[2020-12-12 20:06:38] Текст ошибки: Typed property shop\base\View::$view must be string, array used | Строка 23
        
========================
[2020-12-12 20:07:00] Текст ошибки: Typed property shop\base\View::$view must be string, array used | Строка 23
        
========================
[2020-12-12 20:07:08] Текст ошибки: Typed property shop\base\View::$view must be string, array used | Строка 23
        
========================
[2020-12-12 20:07:39] Текст ошибки: Typed property shop\base\View::$view must be string, array used | Строка 23
        
========================
[2020-12-12 20:07:58] Текст ошибки: Typed property shop\base\View::$prefix must not be accessed before initialization | Строка 33
        
========================
[2020-12-12 20:07:59] Текст ошибки: Typed property shop\base\View::$prefix must not be accessed before initialization | Строка 33
        
========================
[2020-12-12 20:07:59] Текст ошибки: Typed property shop\base\View::$prefix must not be accessed before initialization | Строка 33
        
========================
[2020-12-12 20:07:59] Текст ошибки: Typed property shop\base\View::$prefix must not be accessed before initialization | Строка 33
        
========================
[2020-12-12 20:08:15] Текст ошибки: Typed property shop\base\View::$view must not be accessed before initialization | Строка 33
        
========================
[2020-12-12 20:10:15] Текст ошибки: Typed property shop\base\View::$view must not be accessed before initialization | Строка 33
        
========================
[2020-12-12 20:10:53] Текст ошибки: Typed property shop\base\Controller::$layout must not be accessed before initialization | Строка 29
        
========================
[2020-12-12 20:11:58] Текст ошибки: Typed property shop\base\View::$view must be string or null, array used | Строка 23
        
========================
[2020-12-12 20:11:58] Текст ошибки: Typed property shop\base\View::$view must be string or null, array used | Строка 23
        
========================
[2020-12-12 20:12:14] Текст ошибки: Typed property shop\base\View::$view must be string or null, array used | Строка 23
        
========================
[2020-12-12 20:12:14] Текст ошибки: Typed property shop\base\View::$view must be string or null, array used | Строка 23
        
========================
[2020-12-12 20:12:19] Текст ошибки: Typed property shop\base\View::$view must be string or null, array used | Строка 23
        
========================
[2020-12-12 20:12:19] Текст ошибки: Typed property shop\base\View::$view must be string or null, array used | Строка 23
        
========================
[2020-12-12 20:12:19] Текст ошибки: Typed property shop\base\View::$view must be string or null, array used | Строка 23
        
========================
[2020-12-12 20:12:47] Текст ошибки: Typed property shop\base\View::$view must be string or null, array used | Строка 23
        
========================
[2020-12-12 20:13:18] Текст ошибки: Argument 1 passed to shop\base\View::__construct() must be of the type string, array given, called in C:\OpenServer\domains\teleskopShop\vendor\shop\core\base\Controller.php on line 30 | Строка 18
        
========================
[2020-12-12 20:13:19] Текст ошибки: Argument 1 passed to shop\base\View::__construct() must be of the type string, array given, called in C:\OpenServer\domains\teleskopShop\vendor\shop\core\base\Controller.php on line 30 | Строка 18
        
========================
[2020-12-12 20:13:19] Текст ошибки: Argument 1 passed to shop\base\View::__construct() must be of the type string, array given, called in C:\OpenServer\domains\teleskopShop\vendor\shop\core\base\Controller.php on line 30 | Строка 18
        
========================
[2020-12-12 20:13:19] Текст ошибки: Argument 1 passed to shop\base\View::__construct() must be of the type string, array given, called in C:\OpenServer\domains\teleskopShop\vendor\shop\core\base\Controller.php on line 30 | Строка 18
        
========================
[2020-12-12 20:13:35] Текст ошибки: Argument 2 passed to shop\base\View::__construct() must be of the type array, null given, called in C:\OpenServer\domains\teleskopShop\vendor\shop\core\base\Controller.php on line 30 | Строка 18
        
========================
[2020-12-12 20:49:52] Текст ошибки: Не найден шаблон C:\OpenServer\domains\teleskopShop/app/views/Main/index.php | Строка 52
        
========================
[2020-12-12 20:50:03] Текст ошибки: Не найден шаблон C:\OpenServer\domains\teleskopShop/app/views/layouts/default.php | Строка 52
        
========================
[2020-12-12 20:50:53] Текст ошибки: Не найден шаблон C:\OpenServer\domains\teleskopShop/app/views/layouts/default.php | Строка 52
        
========================
[2020-12-12 20:50:53] Текст ошибки: Не найден шаблон C:\OpenServer\domains\teleskopShop/app/views/layouts/default.php | Строка 52
        
========================
[2020-12-12 20:50:57] Текст ошибки: Не найден шаблон C:\OpenServer\domains\teleskopShop/app/views/layouts/default.php | Строка 52
        
========================
[2020-12-12 20:59:10] Текст ошибки: syntax error, unexpected '|', expecting variable (T_VARIABLE) | Строка 13
        
========================
[2020-12-12 20:59:46] Текст ошибки: syntax error, unexpected '|', expecting variable (T_VARIABLE) | Строка 13
        
========================
[2020-12-12 20:59:47] Текст ошибки: syntax error, unexpected '|', expecting variable (T_VARIABLE) | Строка 13
        
========================
[2020-12-12 20:59:47] Текст ошибки: syntax error, unexpected '|', expecting variable (T_VARIABLE) | Строка 13
        
========================
[2020-12-12 20:59:47] Текст ошибки: syntax error, unexpected '|', expecting variable (T_VARIABLE) | Строка 13
        
========================
[2020-12-12 20:59:47] Текст ошибки: syntax error, unexpected '|', expecting variable (T_VARIABLE) | Строка 13
        
========================
[2020-12-12 20:59:56] Текст ошибки: syntax error, unexpected '|', expecting variable (T_VARIABLE) | Строка 13
        
========================
[2020-12-12 20:59:56] Текст ошибки: syntax error, unexpected '|', expecting variable (T_VARIABLE) | Строка 13
        
========================
[2020-12-12 20:59:56] Текст ошибки: syntax error, unexpected '|', expecting variable (T_VARIABLE) | Строка 13
        
========================
[2020-12-12 20:59:56] Текст ошибки: syntax error, unexpected '|', expecting variable (T_VARIABLE) | Строка 13
        
========================
[2020-12-12 21:06:25] Текст ошибки: syntax error, unexpected '|', expecting variable (T_VARIABLE) | Строка 13
        
========================
[2020-12-12 21:09:53] Текст ошибки: syntax error, unexpected '|', expecting variable (T_VARIABLE) | Строка 13
        
========================
[2020-12-12 21:09:54] Текст ошибки: syntax error, unexpected '|', expecting variable (T_VARIABLE) | Строка 13
        
========================
[2020-12-12 21:09:57] Текст ошибки: syntax error, unexpected '|', expecting variable (T_VARIABLE) | Строка 13
        
========================
[2020-12-12 21:09:58] Текст ошибки: syntax error, unexpected '|', expecting variable (T_VARIABLE) | Строка 13
        
========================
[2020-12-12 21:09:59] Текст ошибки: syntax error, unexpected '|', expecting variable (T_VARIABLE) | Строка 13
        
========================
[2020-12-12 21:10:03] Текст ошибки: syntax error, unexpected '|', expecting variable (T_VARIABLE) | Строка 13
        
========================
[2020-12-12 21:10:03] Текст ошибки: syntax error, unexpected '|', expecting variable (T_VARIABLE) | Строка 13
        
========================
[2020-12-12 21:10:03] Текст ошибки: syntax error, unexpected '|', expecting variable (T_VARIABLE) | Строка 13
        
========================
[2020-12-12 21:10:03] Текст ошибки: syntax error, unexpected '|', expecting variable (T_VARIABLE) | Строка 13
        
========================
[2020-12-12 21:10:35] Текст ошибки: syntax error, unexpected ';', expecting function (T_FUNCTION) or const (T_CONST) | Строка 11
        
========================
[2020-12-12 21:10:55] Текст ошибки: Typed property shop\base\Controller::$layout must not be accessed before initialization | Строка 29
        
========================
[2020-12-12 21:12:16] Текст ошибки: Typed property shop\base\Controller::$layout must not be accessed before initialization | Строка 29
        
========================
[2020-12-12 21:16:43] Текст ошибки: Не найден шаблон C:\OpenServer\domains\teleskopShop/app/views/layouts/test.php | Строка 62
        
========================
[2020-12-12 21:18:12] Текст ошибки: Не найден шаблон C:\OpenServer\domains\teleskopShop/app/views/layouts/test.php | Строка 62
        
========================
[2020-12-12 21:24:11] Текст ошибки: Не найден шаблон C:\OpenServer\domains\teleskopShop/app/views/layouts/test.php | Строка 59
        
========================
[2020-12-12 21:24:12] Текст ошибки: Не найден шаблон C:\OpenServer\domains\teleskopShop/app/views/layouts/test.php | Строка 59
        
========================
[2020-12-12 21:24:12] Текст ошибки: Не найден шаблон C:\OpenServer\domains\teleskopShop/app/views/layouts/test.php | Строка 59
        
========================
[2020-12-12 21:24:12] Текст ошибки: Не найден шаблон C:\OpenServer\domains\teleskopShop/app/views/layouts/test.php | Строка 59
        
========================
[2020-12-12 21:24:36] Текст ошибки: Не найден шаблон C:\OpenServer\domains\teleskopShop/app/views/layouts/test.php | Строка 58
        
========================
[2020-12-12 21:24:36] Текст ошибки: Не найден шаблон C:\OpenServer\domains\teleskopShop/app/views/layouts/test.php | Строка 58
        
========================
[2020-12-12 21:24:37] Текст ошибки: Не найден шаблон C:\OpenServer\domains\teleskopShop/app/views/layouts/test.php | Строка 58
        
========================
[2020-12-12 21:24:37] Текст ошибки: Не найден шаблон C:\OpenServer\domains\teleskopShop/app/views/layouts/test.php | Строка 58
        
========================
[2020-12-12 21:24:37] Текст ошибки: Не найден шаблон C:\OpenServer\domains\teleskopShop/app/views/layouts/test.php | Строка 58
        
========================
[2020-12-12 21:41:27] Текст ошибки: Не найден шаблон C:\OpenServer\domains\teleskopShop/app/views/layouts/test.php | Строка 58
        
========================
[2020-12-12 21:41:49] Текст ошибки: Не найден шаблон C:\OpenServer\domains\teleskopShop/app/views/layouts/test.php | Строка 58
        
========================
[2020-12-12 22:24:15] Текст ошибки: Call to private shop\Db::__construct() from context 'shop\Singleton' | Строка 53
        
========================
[2020-12-12 22:29:02] Текст ошибки: Class 'R' not found | Строка 11
        
========================
[2020-12-12 22:31:04] Текст ошибки: Class 'R' not found | Строка 11
        
========================
[2020-12-12 22:31:04] Текст ошибки: Class 'R' not found | Строка 11
        
========================
[2020-12-12 22:31:05] Текст ошибки: Class 'R' not found | Строка 11
        
========================
[2020-12-12 22:31:05] Текст ошибки: Class 'R' not found | Строка 11
        
========================
[2020-12-12 22:31:05] Текст ошибки: Class 'R' not found | Строка 11
        
========================
[2020-12-12 22:31:45] Текст ошибки: Class 'R' not found | Строка 11
        
========================
[2020-12-12 22:31:46] Текст ошибки: Class 'R' not found | Строка 11
        
========================
[2020-12-12 22:31:46] Текст ошибки: Class 'R' not found | Строка 11
        
========================
[2020-12-12 22:32:05] Текст ошибки: Class 'R' not found | Строка 11
        
========================
[2020-12-12 22:32:05] Текст ошибки: Class 'R' not found | Строка 11
        
========================
[2020-12-12 22:32:06] Текст ошибки: Class 'R' not found | Строка 11
        
========================
[2020-12-12 22:32:06] Текст ошибки: Class 'R' not found | Строка 11
        
========================
[2020-12-12 22:34:40] Текст ошибки: Class 'R' not found | Строка 10
        
========================
[2020-12-12 22:34:52] Текст ошибки: Class 'app\controllers\R' not found | Строка 10
        
========================
[2020-12-12 22:34:53] Текст ошибки: Class 'app\controllers\R' not found | Строка 10
        
========================
[2020-12-12 22:34:54] Текст ошибки: Class 'app\controllers\R' not found | Строка 10
        
========================
[2020-12-12 22:34:54] Текст ошибки: Class 'app\controllers\R' not found | Строка 10
        
========================
[2020-12-12 22:36:09] Текст ошибки: Class 'app\controllers\R' not found | Строка 11
        
========================
[2020-12-12 22:36:09] Текст ошибки: Class 'app\controllers\R' not found | Строка 11
        
========================
[2020-12-12 22:36:09] Текст ошибки: Class 'app\controllers\R' not found | Строка 11
        
========================
[2020-12-12 22:36:10] Текст ошибки: Class 'app\controllers\R' not found | Строка 11
        
========================
[2020-12-12 22:36:10] Текст ошибки: Class 'app\controllers\R' not found | Строка 11
        
========================
[2020-12-12 22:36:10] Текст ошибки: Class 'app\controllers\R' not found | Строка 11
        
========================
[2020-12-12 22:36:11] Текст ошибки: Class 'app\controllers\R' not found | Строка 11
        
========================
[2020-12-12 22:36:11] Текст ошибки: Class 'app\controllers\R' not found | Строка 11
        
========================
[2020-12-12 22:38:26] Текст ошибки: Class 'app\controllers\R' not found | Строка 11
        
========================
[2020-12-12 22:38:50] Текст ошибки: Class 'app\controllers\R' not found | Строка 11
        
========================
[2020-12-12 22:38:50] Текст ошибки: Class 'app\controllers\R' not found | Строка 11
        
========================
[2020-12-12 22:38:50] Текст ошибки: Class 'app\controllers\R' not found | Строка 11
        
========================
[2020-12-12 22:38:51] Текст ошибки: Class 'app\controllers\R' not found | Строка 11
        
========================
[2020-12-12 22:39:27] Текст ошибки: Class 'app\controllers\R' not found | Строка 12
        
========================
[2020-12-12 22:39:27] Текст ошибки: Class 'app\controllers\R' not found | Строка 12
        
========================
[2020-12-12 22:39:27] Текст ошибки: Class 'app\controllers\R' not found | Строка 12
        
========================
[2020-12-12 22:39:27] Текст ошибки: Class 'app\controllers\R' not found | Строка 12
        
========================
[2020-12-12 22:39:50] Текст ошибки: Class 'R' not found | Строка 14
        
========================
[2020-12-12 22:39:51] Текст ошибки: Class 'R' not found | Строка 14
        
========================
[2020-12-12 22:39:51] Текст ошибки: Class 'R' not found | Строка 14
        
========================
[2020-12-12 22:39:51] Текст ошибки: Class 'R' not found | Строка 14
        
========================
[2020-12-12 22:39:51] Текст ошибки: Class 'R' not found | Строка 14
        
========================
[2020-12-12 22:46:13] Текст ошибки: Class 'R' not found | Строка 15
        
========================
[2020-12-12 22:47:10] Текст ошибки: Class 'R' not found | Строка 15
        
========================
[2020-12-12 22:49:08] Текст ошибки: Class 'R' not found | Строка 15
        
========================
[2020-12-12 22:49:08] Текст ошибки: Class 'R' not found | Строка 15
        
========================
[2020-12-12 22:49:09] Текст ошибки: Class 'R' not found | Строка 15
        
========================
[2020-12-13 00:14:20] Текст ошибки: Не найден маршрут | Строка 74
        
========================
[2020-12-13 00:14:34] Текст ошибки: Метод не найден app\controllers\PageController::indexAction | Строка 68
        
========================
[2020-12-13 00:14:41] Текст ошибки: Не найден вид C:\OpenServer\domains\teleskopShop/app/views/Page/view.php | Строка 53
        
========================
[2020-12-13 00:36:57] Текст ошибки: Не найден маршрут | Строка 74
        
========================
[2020-12-13 00:48:21] Текст ошибки: Не найден маршрут | Строка 74
        
========================
[2020-12-13 00:48:35] Текст ошибки: Не найден маршрут | Строка 74
        
========================
[2020-12-13 00:51:51] Текст ошибки: Не найден маршрут | Строка 74
        
========================
[2020-12-13 00:52:44] Текст ошибки: Не найден маршрут | Строка 74
        
========================
[2020-12-13 00:52:51] Текст ошибки: Не найден маршрут | Строка 74
        
========================
[2020-12-13 00:52:54] Текст ошибки: Call to a member function grep() on null | Строка 19
        
========================
[2020-12-13 00:53:09] Текст ошибки: Не найден маршрут | Строка 74
        
========================
[2020-12-13 00:53:11] Текст ошибки: Call to a member function grep() on null | Строка 19
        
========================
[2020-12-13 00:53:13] Текст ошибки: Не найден маршрут | Строка 74
        
========================
[2020-12-19 16:49:14] Текст ошибки: Call to a member function grep() on null | Строка 19
        
========================
[2020-12-19 16:49:14] Текст ошибки: Не найден маршрут | Строка 74
        
========================
[2020-12-19 16:49:15] Текст ошибки: Call to a member function grep() on null | Строка 19
        
========================
[2020-12-19 16:49:15] Текст ошибки: Call to a member function grep() on null | Строка 19
        
========================
[2020-12-19 16:49:15] Текст ошибки: Call to a member function grep() on null | Строка 19
        
========================
[2020-12-19 16:49:15] Текст ошибки: Call to a member function grep() on null | Строка 19
        
========================
[2020-12-19 16:49:31] Текст ошибки: Call to a member function grep() on null | Строка 19
        
========================
[2020-12-19 16:57:17] Текст ошибки: Call to a member function grep() on null | Строка 19
        
========================
[2020-12-19 16:57:18] Текст ошибки: Call to a member function grep() on null | Строка 19
        
========================
[2020-12-19 16:57:18] Текст ошибки: Call to a member function grep() on null | Строка 19
        
========================
[2020-12-19 16:57:18] Текст ошибки: Call to a member function grep() on null | Строка 19
        
========================
[2020-12-19 16:57:22] Текст ошибки: Call to a member function grep() on null | Строка 19
        
========================
[2020-12-19 16:57:22] Текст ошибки: Call to a member function grep() on null | Строка 19
        
========================
[2020-12-19 16:57:22] Текст ошибки: Call to a member function grep() on null | Строка 19
        
========================
[2020-12-19 19:28:11] Текст ошибки: Не найден шаблон C:\OpenServer\domains\teleskopShop/app/views/layouts/watches.php | Строка 60
        
========================
[2020-12-19 19:28:12] Текст ошибки: Не найден маршрут | Строка 74
        
========================
[2020-12-19 19:28:31] Текст ошибки: Не найден маршрут | Строка 74
        
========================
[2020-12-19 19:28:31] Текст ошибки: Не найден маршрут | Строка 74
        
========================
[2020-12-19 19:28:31] Текст ошибки: Не найден маршрут | Строка 74
        
========================
[2020-12-19 19:28:31] Текст ошибки: Не найден маршрут | Строка 74
        
========================
[2020-12-19 19:28:31] Текст ошибки: Не найден маршрут | Строка 74
        
========================
[2020-12-19 19:28:31] Текст ошибки: Не найден маршрут | Строка 74
        
========================
[2020-12-19 19:28:31] Текст ошибки: Не найден маршрут | Строка 74
        
========================
[2020-12-19 19:28:31] Текст ошибки: Не найден маршрут | Строка 74
        
========================
[2020-12-19 19:28:31] Текст ошибки: Не найден маршрут | Строка 74
        
========================
[2020-12-19 19:28:31] Текст ошибки: Не найден маршрут | Строка 74
        
========================
[2020-12-19 19:28:31] Текст ошибки: Не найден маршрут | Строка 74
        
========================
[2020-12-19 19:28:31] Текст ошибки: Не найден маршрут | Строка 74
        
========================
[2020-12-19 19:28:31] Текст ошибки: Не найден маршрут | Строка 74
        
========================
[2020-12-19 19:28:31] Текст ошибки: Не найден маршрут | Строка 74
        
========================
[2020-12-19 19:28:31] Текст ошибки: Не найден маршрут | Строка 74
        
========================
[2020-12-19 19:28:31] Текст ошибки: Не найден маршрут | Строка 74
        
========================
[2020-12-19 19:28:31] Текст ошибки: Не найден маршрут | Строка 74
        
========================
[2020-12-19 19:28:31] Текст ошибки: Не найден маршрут | Строка 74
        
========================
[2020-12-19 19:28:31] Текст ошибки: Не найден маршрут | Строка 74
        
========================
[2020-12-19 19:28:31] Текст ошибки: Не найден маршрут | Строка 74
        
========================
[2020-12-19 19:28:31] Текст ошибки: Не найден маршрут | Строка 74
        
========================
[2020-12-19 19:28:31] Текст ошибки: Не найден маршрут | Строка 74
        
========================
[2020-12-19 19:28:31] Текст ошибки: Не найден маршрут | Строка 74
        
========================
[2020-12-19 19:28:31] Текст ошибки: Не найден маршрут | Строка 74
        
========================
[2020-12-19 19:28:31] Текст ошибки: Не найден маршрут | Строка 74
        
========================
[2020-12-19 19:28:31] Текст ошибки: Не найден маршрут | Строка 74
        
========================
[2020-12-19 19:28:31] Текст ошибки: Не найден маршрут | Строка 74
        
========================
[2020-12-19 19:28:31] Текст ошибки: Не найден маршрут | Строка 74
        
========================
[2020-12-19 19:28:31] Текст ошибки: Не найден маршрут | Строка 74
        
========================
[2020-12-19 19:28:31] Текст ошибки: Не найден маршрут | Строка 74
        
========================
[2020-12-19 19:32:00] Текст ошибки: Не найден маршрут | Строка 74
        
========================
[2020-12-19 19:44:25] Текст ошибки: Не найден маршрут | Строка 74
        
========================
[2020-12-19 19:44:25] Текст ошибки: Не найден маршрут | Строка 74
        
========================
[2020-12-19 20:56:54] Текст ошибки: Не найден маршрут | Строка 74
        
========================
[2020-12-19 21:37:11] Текст ошибки: Не найден маршрут | Строка 74
        
========================
[2020-12-19 21:37:30] Текст ошибки: Не найден маршрут | Строка 74
        
========================
[2020-12-19 21:37:30] Текст ошибки: Не найден маршрут | Строка 74
        
========================
[2020-12-19 21:37:30] Текст ошибки: Не найден маршрут | Строка 74
        
========================
[2020-12-19 21:37:30] Текст ошибки: Не найден маршрут | Строка 74
        
========================
[2020-12-19 21:37:31] Текст ошибки: Не найден маршрут | Строка 74
        
========================
[2020-12-19 21:37:31] Текст ошибки: Не найден маршрут | Строка 74
        
========================
[2020-12-19 21:37:31] Текст ошибки: Не найден маршрут | Строка 74
        
========================
[2020-12-19 21:37:31] Текст ошибки: Не найден маршрут | Строка 74
        
========================
[2020-12-19 21:37:39] Текст ошибки: Не найден маршрут | Строка 74
        
========================
[2020-12-19 21:42:16] Текст ошибки: Не найден маршрут | Строка 74
        
========================
[2020-12-19 21:42:24] Текст ошибки: Не найден маршрут | Строка 74
        
========================
[2020-12-19 21:42:27] Текст ошибки: Класс не найден app\controllers\CartController | Строка 71
        
========================
[2020-12-19 21:42:33] Текст ошибки: Не найден маршрут | Строка 74
        
========================
[2020-12-19 21:58:11] Текст ошибки: Class 'R' not found | Строка 27
        
========================
[2020-12-19 21:58:28] Текст ошибки: Class 'app\widgets\currency\R' not found | Строка 27
        
========================
[2020-12-19 21:58:28] Текст ошибки: Class 'app\widgets\currency\R' not found | Строка 27
        
========================
[2020-12-19 21:58:28] Текст ошибки: Class 'app\widgets\currency\R' not found | Строка 27
        
========================
[2020-12-19 21:58:28] Текст ошибки: Class 'app\widgets\currency\R' not found | Строка 27
        
========================
[2020-12-19 21:58:42] Текст ошибки: Не найден маршрут | Строка 74
        
========================
[2020-12-19 22:00:50] Текст ошибки: Argument 2 passed to shop\Registry::setProperty() must be of the type string, array given, called in C:\OpenServer\domains\teleskopShop\app\controllers\AppController.php on line 18 | Строка 20
        
========================
[2020-12-19 22:02:01] Текст ошибки: Не найден маршрут | Строка 74
        
========================
[2020-12-19 22:02:02] Текст ошибки: Не найден маршрут | Строка 74
        
========================
[2020-12-19 22:02:44] Текст ошибки: Не найден маршрут | Строка 74
        
========================
[2020-12-19 22:02:45] Текст ошибки: Не найден маршрут | Строка 74
        
========================
[2020-12-19 22:02:45] Текст ошибки: Не найден маршрут | Строка 74
        
========================
[2020-12-19 22:02:45] Текст ошибки: Не найден маршрут | Строка 74
        
========================
[2020-12-19 22:02:45] Текст ошибки: Не найден маршрут | Строка 74
        
========================
[2020-12-19 22:02:45] Текст ошибки: Не найден маршрут | Строка 74
        
========================
[2020-12-19 22:03:19] Текст ошибки: Не найден маршрут | Строка 74
        
========================
[2020-12-19 22:03:20] Текст ошибки: Не найден маршрут | Строка 74
        
========================
[2020-12-19 22:03:21] Текст ошибки: Не найден маршрут | Строка 74
        
========================
[2020-12-19 22:03:21] Текст ошибки: Не найден маршрут | Строка 74
        
========================
[2020-12-19 22:03:45] Текст ошибки: Не найден маршрут | Строка 74
        
========================
[2020-12-19 22:03:45] Текст ошибки: Не найден маршрут | Строка 74
        
========================
[2020-12-19 22:03:45] Текст ошибки: Не найден маршрут | Строка 74
        
========================
[2020-12-19 22:03:46] Текст ошибки: Не найден маршрут | Строка 74
        
========================
[2020-12-19 22:04:03] Текст ошибки: Не найден маршрут | Строка 74
        
========================
[2020-12-19 22:04:03] Текст ошибки: Не найден маршрут | Строка 74
        
========================
[2020-12-19 22:05:14] Текст ошибки: Не найден маршрут | Строка 74
        
========================
[2020-12-19 22:05:14] Текст ошибки: Не найден маршрут | Строка 74
        
========================
[2020-12-19 22:32:38] Текст ошибки: Не найден маршрут | Строка 74
        
========================
[2020-12-19 22:34:18] Текст ошибки: Не найден маршрут | Строка 74
        
========================
[2020-12-19 22:38:02] Текст ошибки: Не найден маршрут | Строка 74
        
========================
[2020-12-19 22:38:06] Текст ошибки: Не найден маршрут | Строка 74
        
========================
[2020-12-19 22:38:12] Текст ошибки: Не найден маршрут | Строка 74
        
========================
[2020-12-19 22:38:12] Текст ошибки: Не найден маршрут | Строка 74
        
========================
[2020-12-19 22:38:30] Текст ошибки: Не найден маршрут | Строка 74
        
========================
[2020-12-19 22:38:30] Текст ошибки: Не найден маршрут | Строка 74
        
========================
[2020-12-19 22:38:30] Текст ошибки: Не найден маршрут | Строка 74
        
========================
[2020-12-19 22:38:31] Текст ошибки: Не найден маршрут | Строка 74
        
========================
[2020-12-19 22:38:31] Текст ошибки: Не найден маршрут | Строка 74
        
========================
[2020-12-19 22:38:32] Текст ошибки: Не найден маршрут | Строка 74
        
========================
[2020-12-19 22:40:23] Текст ошибки: Return value of shop\Registry::getProperty() must be of the type string, array returned | Строка 34
        
========================
[2020-12-19 22:42:41] Текст ошибки: Не найден маршрут | Строка 74
        
========================
[2020-12-19 22:43:18] Текст ошибки: Не найден маршрут | Строка 74
        
========================
[2020-12-19 23:06:37] Текст ошибки: Не найден маршрут | Строка 74
        
========================
[2020-12-19 23:06:51] Текст ошибки: Не найден маршрут | Строка 74
        
========================
[2020-12-19 23:08:27] Текст ошибки: Не найден маршрут | Строка 74
        
========================
[2020-12-19 23:08:51] Текст ошибки: Не найден маршрут | Строка 74
        
========================
[2020-12-19 23:09:09] Текст ошибки: Не найден маршрут | Строка 74
        
========================
[2020-12-19 23:09:10] Текст ошибки: Не найден маршрут | Строка 74
        
========================
[2020-12-19 23:10:41] Текст ошибки: Не найден маршрут | Строка 74
        
========================
[2020-12-19 23:10:56] Текст ошибки: Не найден маршрут | Строка 74
        
========================
[2020-12-19 23:11:16] Текст ошибки: Не найден маршрут | Строка 74
        
========================
[2020-12-19 23:11:39] Текст ошибки: Не найден маршрут | Строка 74
        
========================
[2020-12-19 23:12:03] Текст ошибки: Не найден маршрут | Строка 74
        
========================
[2020-12-19 23:29:56] Текст ошибки: Не найден маршрут | Строка 74
        
========================
[2020-12-19 23:29:56] Текст ошибки: Не найден маршрут | Строка 74
        
========================
[2020-12-19 23:30:15] Текст ошибки: Не найден маршрут | Строка 74
        
========================
[2020-12-19 23:30:18] Текст ошибки: Не найден маршрут | Строка 74
        
========================
[2020-12-19 23:31:09] Текст ошибки: Не найден маршрут | Строка 74
        
========================
[2020-12-19 23:31:11] Текст ошибки: Не найден маршрут | Строка 74
        
========================
[2020-12-19 23:31:13] Текст ошибки: Не найден маршрут | Строка 74
        
========================
[2020-12-19 23:31:41] Текст ошибки: Не найден маршрут | Строка 74
        
========================
[2020-12-19 23:31:41] Текст ошибки: Не найден маршрут | Строка 74
        
========================
[2020-12-19 23:31:58] Текст ошибки: Не найден маршрут | Строка 74
        
========================
[2020-12-19 23:32:03] Текст ошибки: Не найден маршрут | Строка 74
        
========================
[2020-12-19 23:32:06] Текст ошибки: Не найден маршрут | Строка 74
        
========================
[2020-12-19 23:32:08] Текст ошибки: Не найден маршрут | Строка 74
        
========================
[2020-12-19 23:32:08] Текст ошибки: Не найден маршрут | Строка 74
        
========================
[2020-12-19 23:34:01] Текст ошибки: Не найден маршрут | Строка 74
        
========================
[2020-12-19 23:34:02] Текст ошибки: Не найден маршрут | Строка 74
        
========================
[2020-12-19 23:34:04] Текст ошибки: Не найден маршрут | Строка 74
        
========================
[2020-12-19 23:34:06] Текст ошибки: Не найден маршрут | Строка 74
        
========================
[2020-12-19 23:34:06] Текст ошибки: Не найден маршрут | Строка 74
        
========================
[2020-12-19 23:34:06] Текст ошибки: Не найден маршрут | Строка 74
        
========================
[2020-12-19 23:34:06] Текст ошибки: Не найден маршрут | Строка 74
        
========================
[2020-12-19 23:34:06] Текст ошибки: Не найден маршрут | Строка 74
        
========================
[2020-12-19 23:34:07] Текст ошибки: Не найден маршрут | Строка 74
        
========================
[2020-12-20 13:34:47] Текст ошибки: Не найден маршрут | Строка 74
        
========================
[2020-12-20 13:34:47] Текст ошибки: Не найден маршрут | Строка 74
        
========================
[2020-12-20 13:37:23] Текст ошибки: Дан неверный ключ | Строка 36
        
========================
[2020-12-20 13:39:01] Текст ошибки: Дан неверный ключ | Строка 36
        
========================
[2020-12-20 13:46:04] Текст ошибки: Не найден маршрут | Строка 74
        
========================
[2020-12-20 13:47:41] Текст ошибки: Не найден маршрут | Строка 74
        
========================
[2020-12-20 13:47:42] Текст ошибки: Не найден маршрут | Строка 74
        
========================
[2020-12-20 13:47:42] Текст ошибки: Не найден маршрут | Строка 74
        
========================
[2020-12-20 13:47:42] Текст ошибки: Не найден маршрут | Строка 74
        
========================
[2020-12-20 13:47:54] Текст ошибки: Не найден маршрут | Строка 74
        
========================
[2020-12-20 13:47:54] Текст ошибки: Не найден маршрут | Строка 74
        
========================
[2020-12-20 13:47:54] Текст ошибки: Не найден маршрут | Строка 74
        
========================
[2020-12-20 13:47:55] Текст ошибки: Не найден маршрут | Строка 74
        
========================
[2020-12-20 13:47:55] Текст ошибки: Не найден маршрут | Строка 74
        
========================
[2020-12-20 13:47:56] Текст ошибки: Не найден маршрут | Строка 74
        
========================
[2020-12-20 13:48:08] Текст ошибки: Не найден маршрут | Строка 74
        
========================
[2020-12-20 13:48:53] Текст ошибки: Не найден маршрут | Строка 74
        
========================
[2020-12-20 13:49:04] Текст ошибки: Не найден маршрут | Строка 74
        
========================
[2020-12-20 13:49:05] Текст ошибки: Не найден маршрут | Строка 74
        
========================
[2020-12-20 13:49:06] Текст ошибки: Не найден маршрут | Строка 74
        
========================
[2020-12-20 13:49:34] Текст ошибки: Не найден маршрут | Строка 74
        
========================
[2020-12-20 13:49:35] Текст ошибки: Не найден маршрут | Строка 74
        
========================
[2020-12-20 13:50:04] Текст ошибки: Не найден маршрут | Строка 74
        
========================
[2020-12-20 13:50:04] Текст ошибки: Не найден маршрут | Строка 74
        
========================
[2020-12-20 13:55:08] Текст ошибки: Не найден маршрут | Строка 74
        
========================
[2020-12-20 13:56:46] Текст ошибки: Не найден маршрут | Строка 74
        
========================
[2020-12-20 13:57:13] Текст ошибки: Не найден маршрут | Строка 74
        
========================
[2020-12-20 14:20:54] Текст ошибки: Не найден маршрут | Строка 74
        
========================
[2020-12-20 14:25:14] Текст ошибки: Не найден маршрут | Строка 74
        
========================
[2020-12-20 14:25:15] Текст ошибки: Не найден маршрут | Строка 74
        
========================
[2020-12-20 14:25:26] Текст ошибки: Object of class app\widgets\currency\Currency could not be converted to string | Строка 33
        
========================
[2020-12-20 14:25:27] Текст ошибки: Object of class app\widgets\currency\Currency could not be converted to string | Строка 33
        
========================
[2020-12-20 14:25:27] Текст ошибки: Object of class app\widgets\currency\Currency could not be converted to string | Строка 33
        
========================
[2020-12-20 14:25:47] Текст ошибки: Не найден маршрут | Строка 74
        
========================
[2020-12-20 14:25:47] Текст ошибки: Не найден маршрут | Строка 74
        
========================
[2020-12-20 14:27:44] Текст ошибки: Не найден маршрут | Строка 74
        
========================
[2020-12-20 14:29:43] Текст ошибки: Не найден маршрут | Строка 74
        
========================
[2020-12-20 14:32:31] Текст ошибки: Не найден маршрут | Строка 74
        
========================
[2020-12-20 14:32:41] Текст ошибки: Не найден маршрут | Строка 74
        
========================
[2020-12-20 14:32:41] Текст ошибки: Не найден маршрут | Строка 74
        
========================
[2020-12-20 14:33:08] Текст ошибки: Не найден маршрут | Строка 74
        
========================
[2020-12-20 14:33:54] Текст ошибки: Не найден маршрут | Строка 74
        
========================
[2020-12-20 14:38:38] Текст ошибки: Не найден маршрут | Строка 74
        
========================
[2020-12-20 14:38:41] Текст ошибки: Не найден маршрут | Строка 74
        
========================
[2020-12-20 14:38:44] Текст ошибки: Не найден маршрут | Строка 74
        
========================
[2020-12-20 14:38:46] Текст ошибки: Не найден маршрут | Строка 74
        
========================
[2020-12-20 14:39:35] Текст ошибки: Не найден маршрут | Строка 74
        
========================
[2020-12-20 14:39:35] Текст ошибки: Не найден маршрут | Строка 74
        
========================
[2020-12-20 14:39:52] Текст ошибки: Не найден маршрут | Строка 74
        
========================
[2020-12-20 14:39:56] Текст ошибки: Не найден маршрут | Строка 74
        
========================
[2020-12-20 14:39:58] Текст ошибки: Не найден маршрут | Строка 74
        
========================
[2020-12-20 14:39:59] Текст ошибки: Не найден маршрут | Строка 74
        
========================
[2020-12-20 14:40:00] Текст ошибки: Не найден маршрут | Строка 74
        
========================
[2020-12-20 14:40:02] Текст ошибки: Не найден маршрут | Строка 74
        
========================
[2020-12-20 14:40:04] Текст ошибки: Не найден маршрут | Строка 74
        
========================
[2020-12-20 14:40:05] Текст ошибки: Не найден маршрут | Строка 74
        
========================
[2020-12-20 14:40:05] Текст ошибки: Не найден маршрут | Строка 74
        
========================
[2020-12-20 14:40:12] Текст ошибки: Не найден маршрут | Строка 74
        
========================
[2020-12-20 14:40:13] Текст ошибки: Не найден маршрут | Строка 74
        
========================
[2020-12-20 14:40:14] Текст ошибки: Не найден маршрут | Строка 74
        
========================
[2020-12-20 14:43:15] Текст ошибки: Не найден маршрут | Строка 74
        
========================
[2020-12-20 14:43:17] Текст ошибки: Не найден маршрут | Строка 74
        
========================
[2020-12-20 14:43:18] Текст ошибки: Не найден маршрут | Строка 74
        
========================
[2020-12-20 14:43:18] Текст ошибки: Не найден маршрут | Строка 74
        
========================
[2020-12-20 14:44:21] Текст ошибки: Не найден маршрут | Строка 74
        
========================
[2020-12-20 14:44:21] Текст ошибки: Не найден маршрут | Строка 74
        
========================
[2020-12-20 14:44:21] Текст ошибки: Не найден маршрут | Строка 74
        
========================
[2020-12-20 16:22:03] Текст ошибки: Не найден маршрут | Строка 74
        
========================
[2020-12-20 16:22:35] Текст ошибки: Не найден маршрут | Строка 74
        
========================
[2020-12-20 16:25:32] Текст ошибки: Не найден маршрут | Строка 74
        
========================
[2020-12-20 16:25:40] Текст ошибки: Не найден маршрут | Строка 74
        
========================
[2020-12-20 16:25:46] Текст ошибки: Не найден маршрут | Строка 74
        
========================
[2020-12-20 16:25:52] Текст ошибки: Не найден маршрут | Строка 74
        
========================
[2020-12-20 16:27:37] Текст ошибки: Не найден маршрут | Строка 74
        
========================
[2020-12-20 16:27:57] Текст ошибки: Не найден маршрут | Строка 74
        
========================
[2020-12-20 16:30:31] Текст ошибки: Не найден маршрут | Строка 74
        
========================
[2020-12-20 16:30:40] Текст ошибки: Не найден маршрут | Строка 74
        
========================
[2020-12-20 16:50:31] Текст ошибки: Не найден маршрут | Строка 74
        
========================
[2020-12-20 16:50:31] Текст ошибки: Не найден маршрут | Строка 74
        
========================
[2020-12-20 16:50:32] Текст ошибки: Не найден маршрут | Строка 74
        
========================
[2020-12-20 16:50:32] Текст ошибки: Не найден маршрут | Строка 74
        
========================
[2020-12-20 16:51:04] Текст ошибки: Не найден маршрут | Строка 74
        
========================
[2020-12-20 16:51:53] Текст ошибки: Не найден маршрут | Строка 74
        
========================
[2020-12-20 17:01:43] Текст ошибки: Не найден маршрут | Строка 74
        
========================
[2020-12-20 21:35:36] Текст ошибки: Не найден маршрут | Строка 74
        
========================
[2020-12-20 21:35:36] Текст ошибки: Не найден маршрут | Строка 74
        
========================
[2020-12-20 23:33:34] Текст ошибки: Не найден маршрут | Строка 74
        
========================
[2020-12-20 23:33:34] Текст ошибки: Не найден маршрут | Строка 74
        
========================
[2020-12-20 23:33:39] Текст ошибки: Не найден маршрут | Строка 74
        
========================
[2020-12-20 23:33:52] Текст ошибки: Не найден маршрут | Строка 74
        
========================
[2020-12-20 23:33:55] Текст ошибки: Не найден маршрут | Строка 74
        
========================
[2020-12-20 23:33:57] Текст ошибки: Не найден маршрут | Строка 74
        
========================
[2020-12-20 23:34:02] Текст ошибки: Не найден маршрут | Строка 74
        
========================
[2020-12-20 23:34:06] Текст ошибки: Не найден маршрут | Строка 74
        
========================
[2020-12-20 23:34:19] Текст ошибки: Не найден маршрут | Строка 74
        
========================
[2020-12-20 23:34:23] Текст ошибки: Не найден маршрут | Строка 74
        
========================
[2020-12-21 00:11:09] Текст ошибки: Не найден маршрут | Строка 74
        
========================
[2020-12-21 00:17:04] Текст ошибки: Не найден маршрут | Строка 74
        
========================
[2020-12-21 09:21:29] Текст ошибки: Class 'ishop\Cache' not found | Строка 38
        
========================
[2020-12-21 09:21:31] Текст ошибки: Не найден маршрут | Строка 74
        
========================
[2020-12-21 09:23:14] Текст ошибки: Не найден маршрут | Строка 74
        
========================
[2020-12-21 09:23:19] Текст ошибки: Не найден маршрут | Строка 74
        
========================
[2020-12-21 09:26:23] Текст ошибки: Не найден маршрут | Строка 74
        
========================
[2020-12-21 09:26:24] Текст ошибки: Не найден маршрут | Строка 74
        
========================
[2020-12-21 09:26:24] Текст ошибки: Не найден маршрут | Строка 74
        
========================
[2020-12-21 09:26:25] Текст ошибки: Не найден маршрут | Строка 74
        
========================
[2020-12-21 09:26:25] Текст ошибки: Не найден маршрут | Строка 74
        
========================
[2020-12-21 09:26:25] Текст ошибки: Не найден маршрут | Строка 74
        
========================
[2020-12-21 09:26:25] Текст ошибки: Не найден маршрут | Строка 74
        
========================
[2020-12-21 09:26:26] Текст ошибки: Не найден маршрут | Строка 74
        
========================
[2020-12-21 09:28:33] Текст ошибки: Не найден маршрут | Строка 74
        
========================
[2020-12-21 09:28:35] Текст ошибки: Не найден маршрут | Строка 74
        
========================
[2020-12-21 09:28:35] Текст ошибки: Не найден маршрут | Строка 74
        
========================
[2020-12-21 09:28:36] Текст ошибки: Не найден маршрут | Строка 74
        
========================
[2020-12-21 09:28:36] Текст ошибки: Не найден маршрут | Строка 74
        
========================
[2020-12-21 09:28:37] Текст ошибки: Не найден маршрут | Строка 74
        
========================
[2020-12-21 09:28:37] Текст ошибки: Не найден маршрут | Строка 74
        
========================
[2020-12-21 09:28:44] Текст ошибки: Не найден маршрут | Строка 74
        
========================
[2020-12-21 09:28:45] Текст ошибки: Не найден маршрут | Строка 74
        
========================
[2020-12-21 09:28:46] Текст ошибки: Не найден маршрут | Строка 74
        
========================
[2020-12-21 09:28:46] Текст ошибки: Не найден маршрут | Строка 74
        
========================
[2020-12-21 09:28:47] Текст ошибки: Не найден маршрут | Строка 74
        
========================
[2020-12-21 09:28:47] Текст ошибки: Не найден маршрут | Строка 74
        
========================
[2020-12-21 09:29:03] Текст ошибки: Не найден маршрут | Строка 74
        
========================
[2020-12-21 09:29:03] Текст ошибки: Не найден маршрут | Строка 74
        
========================
[2020-12-21 09:29:04] Текст ошибки: Не найден маршрут | Строка 74
        
========================
[2020-12-21 09:29:04] Текст ошибки: Не найден маршрут | Строка 74
        
========================
[2020-12-21 09:29:04] Текст ошибки: Не найден маршрут | Строка 74
        
========================
[2020-12-21 09:29:04] Текст ошибки: Не найден маршрут | Строка 74
        
========================
[2020-12-21 09:29:04] Текст ошибки: Не найден маршрут | Строка 74
        
========================
[2020-12-21 09:29:05] Текст ошибки: Не найден маршрут | Строка 74
        
========================
[2020-12-21 09:29:05] Текст ошибки: Не найден маршрут | Строка 74
        
========================
[2020-12-21 09:29:05] Текст ошибки: Не найден маршрут | Строка 74
        
========================
[2020-12-21 09:29:05] Текст ошибки: Не найден маршрут | Строка 74
        
========================
[2020-12-21 09:29:05] Текст ошибки: Не найден маршрут | Строка 74
        
========================
[2020-12-21 09:29:05] Текст ошибки: Не найден маршрут | Строка 74
        
========================
[2020-12-21 09:29:06] Текст ошибки: Не найден маршрут | Строка 74
        
========================
[2020-12-21 09:29:06] Текст ошибки: Не найден маршрут | Строка 74
        
========================
[2020-12-21 09:29:06] Текст ошибки: Не найден маршрут | Строка 74
        
========================
[2020-12-21 09:29:06] Текст ошибки: Не найден маршрут | Строка 74
        
========================
[2020-12-21 09:29:10] Текст ошибки: Не найден маршрут | Строка 74
        
========================
[2020-12-21 09:29:11] Текст ошибки: Не найден маршрут | Строка 74
        
========================
[2020-12-21 09:29:11] Текст ошибки: Не найден маршрут | Строка 74
        
========================
[2020-12-21 09:29:11] Текст ошибки: Не найден маршрут | Строка 74
        
========================
[2020-12-21 09:29:47] Текст ошибки: Не найден маршрут | Строка 74
        
========================
[2020-12-21 09:29:48] Текст ошибки: Не найден маршрут | Строка 74
        
========================
[2020-12-21 09:29:48] Текст ошибки: Не найден маршрут | Строка 74
        
========================
[2020-12-21 09:29:48] Текст ошибки: Не найден маршрут | Строка 74
        
========================
[2020-12-21 09:29:48] Текст ошибки: Не найден маршрут | Строка 74
        
========================
[2020-12-21 09:29:49] Текст ошибки: Не найден маршрут | Строка 74
        
========================
[2020-12-21 09:29:49] Текст ошибки: Не найден маршрут | Строка 74
        
========================
[2020-12-21 09:29:49] Текст ошибки: Не найден маршрут | Строка 74
        
========================
[2020-12-21 09:29:49] Текст ошибки: Не найден маршрут | Строка 74
        
========================
[2020-12-21 09:29:49] Текст ошибки: Не найден маршрут | Строка 74
        
========================
[2020-12-21 09:29:49] Текст ошибки: Не найден маршрут | Строка 74
        
========================
[2020-12-21 09:29:49] Текст ошибки: Не найден маршрут | Строка 74
        
========================
[2020-12-21 09:29:50] Текст ошибки: Не найден маршрут | Строка 74
        
========================
[2020-12-21 09:29:50] Текст ошибки: Не найден маршрут | Строка 74
        
========================
[2020-12-21 09:29:50] Текст ошибки: Не найден маршрут | Строка 74
        
========================
[2020-12-21 09:29:50] Текст ошибки: Не найден маршрут | Строка 74
        
========================
[2020-12-21 09:29:50] Текст ошибки: Не найден маршрут | Строка 74
        
========================
[2020-12-21 09:29:50] Текст ошибки: Не найден маршрут | Строка 74
        
========================
[2020-12-21 09:29:50] Текст ошибки: Не найден маршрут | Строка 74
        
========================
[2020-12-21 09:29:58] Текст ошибки: Не найден маршрут | Строка 74
        
========================
[2020-12-21 09:29:59] Текст ошибки: Не найден маршрут | Строка 74
        
========================
[2020-12-21 09:30:02] Текст ошибки: Не найден маршрут | Строка 74
        
========================
[2020-12-21 09:30:02] Текст ошибки: Не найден маршрут | Строка 74
        
========================
[2020-12-21 09:32:05] Текст ошибки: Не найден маршрут | Строка 74
        
========================
[2020-12-21 09:32:28] Текст ошибки: Не найден маршрут | Строка 74
        
========================
[2020-12-21 09:33:14] Текст ошибки: Не найден маршрут | Строка 74
        
========================
[2020-12-21 09:33:30] Текст ошибки: Не найден маршрут | Строка 74
        
========================
[2020-12-21 09:33:44] Текст ошибки: Не найден маршрут | Строка 74
        
========================
[2020-12-21 09:45:18] Текст ошибки: Не найден маршрут | Строка 74
        
========================
[2020-12-21 09:46:48] Текст ошибки: Не найден маршрут | Строка 74
        
========================
[2020-12-21 09:47:12] Текст ошибки: Не найден маршрут | Строка 74
        
========================
[2020-12-21 09:47:20] Текст ошибки: Не найден маршрут | Строка 74
        
========================
[2020-12-21 09:47:25] Текст ошибки: Не найден маршрут | Строка 74
        
========================
[2020-12-21 09:47:26] Текст ошибки: Не найден маршрут | Строка 74
        
========================
[2020-12-21 09:47:27] Текст ошибки: Не найден маршрут | Строка 74
        
========================
[2020-12-21 09:47:27] Текст ошибки: Не найден маршрут | Строка 74
        
========================
[2020-12-21 09:49:12] Текст ошибки: Не найден маршрут | Строка 74
        
========================
[2020-12-21 09:49:30] Текст ошибки: Не найден маршрут | Строка 74
        
========================
[2020-12-21 09:49:48] Текст ошибки: Не найден маршрут | Строка 74
        
========================
[2020-12-21 09:51:16] Текст ошибки: Не найден маршрут | Строка 74
        
========================
[2020-12-21 09:51:28] Текст ошибки: Не найден маршрут | Строка 74
        
========================
[2020-12-21 09:51:58] Текст ошибки: Не найден маршрут | Строка 74
        
========================
[2020-12-21 09:52:17] Текст ошибки: Не найден маршрут | Строка 74
        
========================
[2020-12-21 09:52:17] Текст ошибки: Не найден маршрут | Строка 74
        
========================
[2020-12-21 09:53:14] Текст ошибки: Не найден маршрут | Строка 74
        
========================
[2020-12-21 09:53:32] Текст ошибки: Не найден маршрут | Строка 74
        
========================
[2020-12-21 09:53:53] Текст ошибки: Не найден маршрут | Строка 74
        
========================
[2020-12-21 09:55:17] Текст ошибки: Не найден маршрут | Строка 74
        
========================
[2020-12-21 09:55:29] Текст ошибки: Не найден маршрут | Строка 74
        
========================
[2020-12-21 09:56:21] Текст ошибки: Не найден маршрут | Строка 74
        
========================
[2020-12-21 09:57:13] Текст ошибки: Не найден маршрут | Строка 74
        
========================
[2020-12-21 09:58:07] Текст ошибки: Не найден маршрут | Строка 74
        
========================
[2020-12-21 09:58:43] Текст ошибки: Не найден маршрут | Строка 74
        
========================
[2020-12-21 09:58:44] Текст ошибки: Не найден маршрут | Строка 74
        
========================
[2020-12-21 09:58:44] Текст ошибки: Не найден маршрут | Строка 74
        
========================
[2020-12-21 09:58:45] Текст ошибки: Не найден маршрут | Строка 74
        
========================
[2020-12-21 10:05:13] Текст ошибки: Не найден маршрут | Строка 74
        
========================
[2020-12-21 10:05:55] Текст ошибки: Не найден маршрут | Строка 74
        
========================
[2020-12-21 10:05:55] Текст ошибки: Не найден маршрут | Строка 74
        
========================
[2020-12-21 10:07:06] Текст ошибки: Не найден маршрут | Строка 74
        
========================
[2020-12-21 10:07:19] Текст ошибки: Не найден маршрут | Строка 74
        
========================
[2020-12-21 10:48:39] Текст ошибки: Не найден маршрут | Строка 74
        
========================
[2020-12-21 10:48:46] Текст ошибки: Не найден маршрут | Строка 74
        
========================
[2020-12-21 10:48:54] Текст ошибки: Не найден маршрут | Строка 74
        
========================
[2020-12-21 10:50:29] Текст ошибки: Не найден маршрут | Строка 74
        
========================
[2020-12-21 10:50:30] Текст ошибки: Не найден маршрут | Строка 74
        
========================
[2020-12-21 10:50:46] Текст ошибки: Не найден маршрут | Строка 74
        
========================
[2020-12-21 10:51:08] Текст ошибки: Не найден маршрут | Строка 74
        
========================
[2020-12-21 10:51:22] Текст ошибки: Не найден маршрут | Строка 74
        
========================
[2020-12-21 10:52:49] Текст ошибки: Не найден маршрут | Строка 74
        
========================
[2020-12-21 10:53:48] Текст ошибки: Не найден маршрут | Строка 74
        
========================
[2020-12-21 10:54:58] Текст ошибки: Не найден маршрут | Строка 74
        
========================
[2020-12-21 10:55:07] Текст ошибки: Не найден маршрут | Строка 74
        
========================
[2020-12-21 10:55:39] Текст ошибки: Не найден маршрут | Строка 74
        
========================
[2020-12-21 10:58:40] Текст ошибки: Не найден маршрут | Строка 74
        
========================
[2020-12-21 11:01:03] Текст ошибки: Не найден маршрут | Строка 74
        
========================
[2020-12-21 11:02:17] Текст ошибки: Не найден маршрут | Строка 74
        
========================
[2020-12-21 11:02:18] Текст ошибки: Не найден маршрут | Строка 74
        
========================
[2020-12-21 11:02:18] Текст ошибки: Не найден маршрут | Строка 74
        
========================
[2020-12-21 11:02:18] Текст ошибки: Не найден маршрут | Строка 74
        
========================
[2020-12-21 11:02:18] Текст ошибки: Не найден маршрут | Строка 74
        
========================
[2020-12-21 11:02:19] Текст ошибки: Не найден маршрут | Строка 74
        
========================
[2020-12-21 11:02:19] Текст ошибки: Не найден маршрут | Строка 74
        
========================
[2020-12-21 11:02:19] Текст ошибки: Не найден маршрут | Строка 74
        
========================
[2020-12-21 11:02:19] Текст ошибки: Не найден маршрут | Строка 74
        
========================
[2020-12-21 11:02:20] Текст ошибки: Не найден маршрут | Строка 74
        
========================
[2020-12-21 11:02:20] Текст ошибки: Не найден маршрут | Строка 74
        
========================
[2020-12-21 11:02:20] Текст ошибки: Не найден маршрут | Строка 74
        
========================
[2020-12-21 11:02:27] Текст ошибки: Не найден маршрут | Строка 74
        
========================
[2020-12-21 11:02:28] Текст ошибки: Не найден маршрут | Строка 74
        
========================
[2020-12-21 11:02:28] Текст ошибки: Не найден маршрут | Строка 74
        
========================
[2020-12-21 11:02:28] Текст ошибки: Не найден маршрут | Строка 74
        
========================
[2020-12-21 11:02:31] Текст ошибки: Не найден маршрут | Строка 74
        
========================
[2020-12-21 11:02:32] Текст ошибки: Не найден маршрут | Строка 74
        
========================
[2020-12-21 11:02:32] Текст ошибки: Не найден маршрут | Строка 74
        
========================
[2020-12-21 11:02:32] Текст ошибки: Не найден маршрут | Строка 74
        
========================
[2020-12-21 11:02:57] Текст ошибки: Не найден маршрут | Строка 74
        
========================
[2020-12-21 11:02:58] Текст ошибки: Не найден маршрут | Строка 74
        
========================
[2020-12-21 11:02:58] Текст ошибки: Не найден маршрут | Строка 74
        
========================
[2020-12-21 11:02:58] Текст ошибки: Не найден маршрут | Строка 74
        
========================
[2020-12-21 11:06:14] Текст ошибки: Не найден маршрут | Строка 74
        
========================
[2020-12-21 11:06:15] Текст ошибки: Не найден маршрут | Строка 74
        
========================
[2020-12-21 11:06:15] Текст ошибки: Не найден маршрут | Строка 74
        
========================
[2020-12-21 11:06:15] Текст ошибки: Не найден маршрут | Строка 74
        
========================
[2020-12-21 11:06:15] Текст ошибки: Не найден маршрут | Строка 74
        
========================
[2020-12-21 11:06:16] Текст ошибки: Не найден маршрут | Строка 74
        
========================
[2020-12-21 11:06:16] Текст ошибки: Не найден маршрут | Строка 74
        
========================
[2020-12-21 12:18:40] Текст ошибки: Не найден маршрут | Строка 74
        
========================
[2020-12-21 12:18:40] Текст ошибки: Не найден маршрут | Строка 74
        
========================
[2020-12-21 12:18:40] Текст ошибки: Не найден маршрут | Строка 74
        
========================
[2020-12-21 12:18:41] Текст ошибки: Не найден маршрут | Строка 74
        
========================
[2020-12-21 12:18:41] Текст ошибки: Не найден маршрут | Строка 74
        
========================
[2020-12-21 12:18:42] Текст ошибки: Не найден маршрут | Строка 74
        
========================
[2020-12-21 12:18:42] Текст ошибки: Не найден маршрут | Строка 74
        
========================
[2020-12-21 12:19:47] Текст ошибки: Не найден маршрут | Строка 74
        
========================
[2020-12-21 12:19:47] Текст ошибки: Не найден маршрут | Строка 74
        
========================
[2020-12-21 12:20:43] Текст ошибки: Класс не найден app\controllers\CategoryController | Строка 71
        
========================
[2020-12-21 12:20:46] Текст ошибки: Не найден маршрут | Строка 74
        
========================
[2020-12-21 12:20:48] Текст ошибки: Не найден маршрут | Строка 74
        
========================
[2020-12-21 12:20:48] Текст ошибки: Не найден маршрут | Строка 74
        
========================
[2020-12-21 12:20:48] Текст ошибки: Не найден маршрут | Строка 74
        
========================
[2020-12-21 12:20:49] Текст ошибки: Не найден маршрут | Строка 74
        
========================
[2020-12-21 12:20:50] Текст ошибки: Не найден маршрут | Строка 74
        
========================
[2020-12-21 12:20:50] Текст ошибки: Не найден маршрут | Строка 74
        
========================
[2020-12-21 12:20:50] Текст ошибки: Не найден маршрут | Строка 74
        
========================
[2020-12-21 12:20:54] Текст ошибки: Не найден маршрут | Строка 74
        
========================
[2020-12-21 12:20:55] Текст ошибки: Не найден маршрут | Строка 74
        
========================
